[INFO] Scanning for projects...
[INFO] 
[INFO] ------------< com.attendance:attendance-management-system >-------------
[INFO] Building attendance-management-system 1.0-SNAPSHOT
[INFO]   from pom.xml
[INFO] --------------------------------[ jar ]---------------------------------
[INFO] 
[INFO] --- clean:3.2.0:clean (default-clean) @ attendance-management-system ---
[INFO] Deleting C:\Users\ASUS\OneDrive\Desktop\Devops project\target
[INFO] 
[INFO] --- resources:3.3.1:resources (default-resources) @ attendance-management-system ---
[INFO] Copying 3 resources from src\main\resources to target\classes
[INFO] 
[INFO] --- compiler:3.11.0:compile (default-compile) @ attendance-management-system ---
[INFO] Changes detected - recompiling the module! :source
[INFO] Compiling 6 source files with javac [debug target 17] to target\classes
[INFO] -------------------------------------------------------------
[WARNING] COMPILATION WARNING : 
[INFO] -------------------------------------------------------------
[WARNING] location of system modules is not set in conjunction with -source 17
  not setting the location of system modules may lead to class files that cannot run on JDK 17
    --release 17 is recommended instead of -source 17 -target 17 because it sets the location of system modules automatically
[INFO] 1 warning
[INFO] -------------------------------------------------------------
[INFO] -------------------------------------------------------------
[ERROR] COMPILATION ERROR : 
[INFO] -------------------------------------------------------------
[ERROR] /C:/Users/ASUS/OneDrive/Desktop/Devops project/src/main/java/com/attendance/Student.java:[1,1] illegal character: '`'
[ERROR] /C:/Users/ASUS/OneDrive/Desktop/Devops project/src/main/java/com/attendance/Student.java:[1,2] illegal character: '`'
[ERROR] /C:/Users/ASUS/OneDrive/Desktop/Devops project/src/main/java/com/attendance/Student.java:[1,3] illegal character: '`'
[ERROR] /C:/Users/ASUS/OneDrive/Desktop/Devops project/src/main/java/com/attendance/Student.java:[2,1] class, interface, enum, or record expected
[ERROR] /C:/Users/ASUS/OneDrive/Desktop/Devops project/src/main/java/com/attendance/Student.java:[4,1] class, interface, enum, or record expected
[ERROR] /C:/Users/ASUS/OneDrive/Desktop/Devops project/src/main/java/com/attendance/Student.java:[5,1] class, interface, enum, or record expected
[ERROR] /C:/Users/ASUS/OneDrive/Desktop/Devops project/src/main/java/com/attendance/Student.java:[6,1] class, interface, enum, or record expected
[ERROR] /C:/Users/ASUS/OneDrive/Desktop/Devops project/src/main/java/com/attendance/Student.java:[7,1] class, interface, enum, or record expected
[ERROR] /C:/Users/ASUS/OneDrive/Desktop/Devops project/src/main/java/com/attendance/Student.java:[61,2] illegal character: '`'
[ERROR] /C:/Users/ASUS/OneDrive/Desktop/Devops project/src/main/java/com/attendance/Student.java:[61,3] illegal character: '`'
[ERROR] /C:/Users/ASUS/OneDrive/Desktop/Devops project/src/main/java/com/attendance/Student.java:[61,4] illegal character: '`'
[ERROR] /C:/Users/ASUS/OneDrive/Desktop/Devops project/src/main/java/com/attendance/Student.java:[62,1] reached end of file while parsing
[INFO] 12 errors 
[INFO] -------------------------------------------------------------
[INFO] ------------------------------------------------------------------------
[INFO] BUILD FAILURE
[INFO] ------------------------------------------------------------------------
[INFO] Total time:  5.264 s
[INFO] Finished at: 2025-12-17T13:27:19+05:30
[INFO] ------------------------------------------------------------------------
[ERROR] Failed to execute goal org.apache.maven.plugins:maven-compiler-plugin:3.11.0:compile (default-compile) on project attendance-management-system: Compilation failure: Compilation failure: 
[ERROR] /C:/Users/ASUS/OneDrive/Desktop/Devops project/src/main/java/com/attendance/Student.java:[1,1] illegal character: '`'
[ERROR] /C:/Users/ASUS/OneDrive/Desktop/Devops project/src/main/java/com/attendance/Student.java:[1,2] illegal character: '`'
[ERROR] /C:/Users/ASUS/OneDrive/Desktop/Devops project/src/main/java/com/attendance/Student.java:[1,3] illegal character: '`'
[ERROR] /C:/Users/ASUS/OneDrive/Desktop/Devops project/src/main/java/com/attendance/Student.java:[2,1] class, interface, enum, or record expected
[ERROR] /C:/Users/ASUS/OneDrive/Desktop/Devops project/src/main/java/com/attendance/Student.java:[4,1] class, interface, enum, or record expected
[ERROR] /C:/Users/ASUS/OneDrive/Desktop/Devops project/src/main/java/com/attendance/Student.java:[5,1] class, interface, enum, or record expected
[ERROR] /C:/Users/ASUS/OneDrive/Desktop/Devops project/src/main/java/com/attendance/Student.java:[6,1] class, interface, enum, or record expected
[ERROR] /C:/Users/ASUS/OneDrive/Desktop/Devops project/src/main/java/com/attendance/Student.java:[7,1] class, interface, enum, or record expected
[ERROR] /C:/Users/ASUS/OneDrive/Desktop/Devops project/src/main/java/com/attendance/Student.java:[61,2] illegal character: '`'
[ERROR] /C:/Users/ASUS/OneDrive/Desktop/Devops project/src/main/java/com/attendance/Student.java:[61,3] illegal character: '`'
[ERROR] /C:/Users/ASUS/OneDrive/Desktop/Devops project/src/main/java/com/attendance/Student.java:[61,4] illegal character: '`'
[ERROR] /C:/Users/ASUS/OneDrive/Desktop/Devops project/src/main/java/com/attendance/Student.java:[62,1] reached end of file while parsing
[ERROR] -> [Help 1]
[ERROR] 
[ERROR] To see the full stack trace of the errors, re-run Maven with the -e switch.
[ERROR] Re-run Maven using the -X switch to enable full debug logging.
[ERROR] 
[ERROR] For more information about the errors and possible solutions, please read the following articles:
[ERROR] [Help 1] http://cwiki.apache.org/confluence/display/MAVEN/MojoFailureException
